RunMapReduceFramework started with 4 threads
Thread Shuffle created [2017.05.25 20:14:12]
Thread ExecMap created [2017.05.25 20:14:12]
Thread ExecMap created [2017.05.25 20:14:12]
Thread ExecMap created [2017.05.25 20:14:12]
Thread ExecMap Terminated [2017.05.25 20:14:12]
Thread ExecMap created [2017.05.25 20:14:12]
Thread ExecMap Terminated [2017.05.25 20:14:12]
Thread ExecMap Terminated [2017.05.25 20:14:12]
Thread ExecMap Terminated [2017.05.25 20:14:12]
Thread Shuffle Terminated [2017.05.25 20:14:12]
Map and Shuffle took 419000 ns
Thread ExecReduce created [2017.05.25 20:14:12]
Thread ExecReduce created [2017.05.25 20:14:12]
Thread ExecReduce Terminated [2017.05.25 20:14:12]
Thread ExecReduce Terminated [2017.05.25 20:14:12]
Thread ExecReduce created [2017.05.25 20:14:12]
Thread ExecReduce Terminated [2017.05.25 20:14:12]
Thread ExecReduce created [2017.05.25 20:14:12]
Thread ExecReduce Terminated [2017.05.25 20:14:12]
Reduce took 234000 ns
RunMapReduceFramework finished
RunMapReduceFramework started with 4 threads
Thread ExecMap created [2017.05.25 21:46:50]
Thread Shuffle created [2017.05.25 21:46:50]
Thread ExecMap created [2017.05.25 21:46:50]
Thread ExecMap Terminated [2017.05.25 21:46:50]
Thread ExecMap created [2017.05.25 21:46:50]
Thread ExecMap Terminated [2017.05.25 21:46:50]
Thread ExecMap created [2017.05.25 21:46:50]
Thread ExecMap Terminated [2017.05.25 21:46:50]
Thread ExecMap Terminated [2017.05.25 21:46:50]
Thread Shuffle Terminated [2017.05.25 21:46:50]
Map and Shuffle took 863000 ns
Thread ExecReduce created [2017.05.25 21:46:50]
Thread ExecReduce Terminated [2017.05.25 21:46:50]
Thread ExecReduce created [2017.05.25 21:46:50]
Thread ExecReduce Terminated [2017.05.25 21:46:50]
Thread ExecReduce created [2017.05.25 21:46:50]
Thread ExecReduce created [2017.05.25 21:46:50]
Thread ExecReduce Terminated [2017.05.25 21:46:50]
Thread ExecReduce Terminated [2017.05.25 21:46:50]
Reduce took 254000 ns
RunMapReduceFramework finished
RunMapReduceFramework started with 4 threads
Thread Shuffle created [2017.05.25 21:47:42]
Thread ExecMap created [2017.05.25 21:47:42]
Thread ExecMap created [2017.05.25 21:47:42]
Thread ExecMap Terminated [2017.05.25 21:47:42]
Thread ExecMap Terminated [2017.05.25 21:47:42]
Thread ExecMap created [2017.05.25 21:47:42]
Thread ExecMap created [2017.05.25 21:47:42]
Thread ExecMap Terminated [2017.05.25 21:47:42]
Thread ExecMap Terminated [2017.05.25 21:47:42]
Thread Shuffle Terminated [2017.05.25 21:47:42]
Map and Shuffle took 310000 ns
Thread ExecReduce created [2017.05.25 21:47:42]
Thread ExecReduce Terminated [2017.05.25 21:47:42]
Thread ExecReduce created [2017.05.25 21:47:42]
Thread ExecReduce Terminated [2017.05.25 21:47:42]
Thread ExecReduce created [2017.05.25 21:47:42]
Thread ExecReduce created [2017.05.25 21:47:42]
Thread ExecReduce Terminated [2017.05.25 21:47:42]
Thread ExecReduce Terminated [2017.05.25 21:47:42]
Reduce took 103000 ns
RunMapReduceFramework finished
RunMapReduceFramework started with 4 threads
Thread Shuffle created [2017.05.25 21:47:56]
Thread ExecMap created [2017.05.25 21:47:56]
Thread ExecMap Terminated [2017.05.25 21:47:56]
Thread ExecMap created [2017.05.25 21:47:56]
Thread ExecMap Terminated [2017.05.25 21:47:56]
Thread ExecMap created [2017.05.25 21:47:56]
Thread ExecMap Terminated [2017.05.25 21:47:56]
Thread ExecMap created [2017.05.25 21:47:56]
Thread ExecMap Terminated [2017.05.25 21:47:56]
Thread Shuffle Terminated [2017.05.25 21:47:56]
Map and Shuffle took 294000 ns
Thread ExecReduce created [2017.05.25 21:47:56]
Thread ExecReduce Terminated [2017.05.25 21:47:56]
Thread ExecReduce created [2017.05.25 21:47:56]
Thread ExecReduce Terminated [2017.05.25 21:47:56]
Thread ExecReduce created [2017.05.25 21:47:56]
Thread ExecReduce created [2017.05.25 21:47:56]
Thread ExecReduce Terminated [2017.05.25 21:47:56]
Thread ExecReduce Terminated [2017.05.25 21:47:56]
Reduce took 97000 ns
RunMapReduceFramework finished
RunMapReduceFramework started with 4 threads
Thread Shuffle created [2017.05.25 21:48:52]
Thread ExecMap created [2017.05.25 21:48:52]
Thread ExecMap Terminated [2017.05.25 21:48:52]
Thread ExecMap created [2017.05.25 21:48:52]
Thread ExecMap Terminated [2017.05.25 21:48:52]
Thread ExecMap created [2017.05.25 21:48:52]
Thread ExecMap Terminated [2017.05.25 21:48:52]
Thread ExecMap created [2017.05.25 21:48:52]
Thread ExecMap Terminated [2017.05.25 21:48:52]
Thread Shuffle Terminated [2017.05.25 21:48:52]
Map and Shuffle took 784000 ns
Thread ExecReduce created [2017.05.25 21:48:52]
Thread ExecReduce Terminated [2017.05.25 21:48:52]
Thread ExecReduce created [2017.05.25 21:48:52]
Thread ExecReduce Terminated [2017.05.25 21:48:52]
Thread ExecReduce created [2017.05.25 21:48:52]
Thread ExecReduce Terminated [2017.05.25 21:48:52]
Thread ExecReduce created [2017.05.25 21:48:52]
Thread ExecReduce Terminated [2017.05.25 21:48:52]
Reduce took 208000 ns
RunMapReduceFramework finished
RunMapReduceFramework started with 4 threads
Thread Shuffle created [2017.05.25 21:48:55]
Thread ExecMap created [2017.05.25 21:48:55]
Thread ExecMap created [2017.05.25 21:48:55]
Thread ExecMap Terminated [2017.05.25 21:48:55]
Thread ExecMap created [2017.05.25 21:48:55]
Thread ExecMap Terminated [2017.05.25 21:48:55]
Thread ExecMap Terminated [2017.05.25 21:48:55]
Thread ExecMap created [2017.05.25 21:48:55]
Thread ExecMap Terminated [2017.05.25 21:48:55]
Thread Shuffle Terminated [2017.05.25 21:48:55]
Map and Shuffle took 380000 ns
Thread ExecReduce created [2017.05.25 21:48:55]
Thread ExecReduce created [2017.05.25 21:48:55]
Thread ExecReduce Terminated [2017.05.25 21:48:55]
Thread ExecReduce Terminated [2017.05.25 21:48:55]
Thread ExecReduce created [2017.05.25 21:48:55]
Thread ExecReduce Terminated [2017.05.25 21:48:55]
Thread ExecReduce created [2017.05.25 21:48:55]
Thread ExecReduce Terminated [2017.05.25 21:48:55]
Reduce took 109000 ns
RunMapReduceFramework finished
RunMapReduceFramework started with 4 threads
Thread ExecMap created [2017.05.25 21:49:02]
Thread Shuffle created [2017.05.25 21:49:02]
Thread ExecMap created [2017.05.25 21:49:02]
Thread ExecMap created [2017.05.25 21:49:02]
Thread ExecMap Terminated [2017.05.25 21:49:02]
Thread ExecMap Terminated [2017.05.25 21:49:02]
Thread ExecMap Terminated [2017.05.25 21:49:02]
Thread ExecMap created [2017.05.25 21:49:02]
Thread ExecMap Terminated [2017.05.25 21:49:02]
Thread Shuffle Terminated [2017.05.25 21:49:02]
Map and Shuffle took 342000 ns
Thread ExecReduce created [2017.05.25 21:49:02]
Thread ExecReduce created [2017.05.25 21:49:02]
Thread ExecReduce created Thread ExecReduce Ter
[2017.05.25 21:49:02]
Thread ExecReduce Terminated [2017.05.25 21:49:02]
Thread ExecReduce created [2017.05.25 21:49:02]
Thread ExecReduce Terminated [2017.05.25 21:49:02]
Thread ExecReduce Terminated [2017.05.25 21:49:02]
Reduce took 93000 ns
RunMapReduceFramework finished
RunMapReduceFramework started with 4 threads
Thread ExecMap created [2017.05.25 21:49:32]
Thread ExecMap created [2017.05.25 21:49:32]
Thread ExecMap created [2017.05.25 21:49:32]
Thread ExecMap Terminated [2017.05.25 21:49:32]
Thread ExecMap created [2017.05.25 21:49:32]
Thread Shuffle created [2017.05.25 21:49:32]
Thread ExecMap Terminated [2017.05.25 21:49:32]
Thread ExecMap Terminated [2017.05.25 21:49:32]
Thread ExecMap Terminated [2017.05.25 21:49:32]
Thread Shuffle Terminated [2017.05.25 21:49:32]
Map and Shuffle took 443000 ns
Thread ExecReduce created [2017.05.25 21:49:32]
Thread ExecReduce Terminated [2017.05.25 21:49:32]
Thread ExecReduce created [2017.05.25 21:49:32]
Thread ExecReduce Terminated [2017.05.25 21:49:32]
Thread ExecReduce created [2017.05.25 21:49:32]
Thread ExecReduce Terminated [2017.05.25 21:49:32]
Thread ExecReduce created [2017.05.25 21:49:32]
Thread ExecReduce Terminated [2017.05.25 21:49:32]
Reduce took 84000 ns
RunMapReduceFramework finished
RunMapReduceFramework started with 4 threads
Thread Shuffle created [2017.05.25 21:49:41]
Thread ExecMap created [2017.05.25 21:49:41]
Thread ExecMap created [2017.05.25 21:49:41]
Thread ExecMap Terminated [2017.05.25 21:49:41]
Thread ExecMap created [2017.05.25 21:49:41]
Thread ExecMap Terminated [2017.05.25 21:49:41]
Thread ExecMap created [2017.05.25 21:49:41]
Thread ExecMap Terminated [2017.05.25 21:49:41]
Thread ExecMap Terminated [2017.05.25 21:49:41]
Thread Shuffle Terminated [2017.05.25 21:49:41]
Map and Shuffle took 270000 ns
Thread ExecReduce created [2017.05.25 21:49:41]
Thread ExecReduce Terminated [2017.05.25 21:49:41]
Thread ExecReduce created [2017.05.25 21:49:41]
Thread ExecReduce Terminated [2017.05.25 21:49:41]
Thread ExecReduce created [2017.05.25 21:49:41]
Thread ExecReduce Terminated [2017.05.25 21:49:41]
Thread ExecReduce created [2017.05.25 21:49:41]
Thread ExecReduce Terminated [2017.05.25 21:49:41]
Reduce took 75000 ns
RunMapReduceFramework finished
RunMapReduceFramework started with 4 threads
Thread Shuffle created [2017.05.25 21:49:55]
Thread ExecMap created [2017.05.25 21:49:55]
Thread ExecMap Terminated [2017.05.25 21:49:55]
Thread ExecMap created [2017.05.25 21:49:55]
Thread ExecMap Terminated [2017.05.25 21:49:55]
Thread ExecMap created [2017.05.25 21:49:55]
Thread ExecMap Terminated [2017.05.25 21:49:55]
Thread ExecMap created [2017.05.25 21:49:55]
Thread ExecMap Terminated [2017.05.25 21:49:55]
Thread Shuffle Terminated [2017.05.25 21:49:55]
Map and Shuffle took 391000 ns
Thread ExecReduce created [2017.05.25 21:49:55]
Thread ExecReduce Terminated [2017.05.25 21:49:55]
Thread ExecReduce created [2017.05.25 21:49:55]
Thread ExecReduce Terminated [2017.05.25 21:49:55]
Thread ExecReduce created [2017.05.25 21:49:55]
Thread ExecReduce Terminated [2017.05.25 21:49:55]
Thread ExecReduce created [2017.05.25 21:49:55]
Thread ExecReduce Terminated [2017.05.25 21:49:55]
Reduce took 90000 ns
RunMapReduceFramework finished
RunMapReduceFramework started with 4 threads
Thread Shuffle created [2017.05.25 21:50:12]
Thread ExecMap created [2017.05.25 21:50:12]
Thread ExecMap Terminated [2017.05.25 21:50:12]
Thread ExecMap created [2017.05.25 21:50:12]
Thread ExecMap Terminated [2017.05.25 21:50:12]
Thread ExecMap created [2017.05.25 21:50:12]
Thread ExecMap Terminated [2017.05.25 21:50:12]
Thread ExecMap created [2017.05.25 21:50:12]
Thread ExecMap Terminated [2017.05.25 21:50:12]
Thread Shuffle Terminated [2017.05.25 21:50:12]
Map and Shuffle took 366000 ns
Thread ExecReduce created [2017.05.25 21:50:12]
Thread ExecReduce Terminated [2017.05.25 21:50:12]
Thread ExecReduce created [2017.05.25 21:50:12]
Thread ExecReduce Terminated [2017.05.25 21:50:12]
Thread ExecReduce created [2017.05.25 21:50:12]
Thread ExecReduce created [2017.05.25 21:50:12]
Thread ExecReduce Terminated [2017.05.25 21:50:12]
Thread ExecReduce Terminated [2017.05.25 21:50:12]
Reduce took 94000 ns
RunMapReduceFramework finished
RunMapReduceFramework started with 4 threads
Thread Shuffle created [2017.05.25 21:50:45]
Thread ExecMap created [2017.05.25 21:50:45]
Thread ExecMap Terminated [2017.05.25 21:50:45]
Thread ExecMap created [2017.05.25 21:50:45]
Thread ExecMap Terminated [2017.05.25 21:50:45]
Thread ExecMap created [2017.05.25 21:50:45]
Thread ExecMap Terminated [2017.05.25 21:50:45]
Thread ExecMap created [2017.05.25 21:50:45]
Thread ExecMap Terminated [2017.05.25 21:50:45]
Thread Shuffle Terminated [2017.05.25 21:50:45]
Map and Shuffle took 300000 ns
Thread ExecReduce created [2017.05.25 21:50:45]
Thread ExecReduce Terminated [2017.05.25 21:50:45]
Thread ExecReduce created [2017.05.25 21:50:45]
Thread ExecReduce Terminated [2017.05.25 21:50:45]
Thread ExecReduce created [2017.05.25 21:50:45]
Thread ExecReduce Terminated [2017.05.25 21:50:45]
Thread ExecReduce created [2017.05.25 21:50:45]
Thread ExecReduce Terminated [2017.05.25 21:50:45]
Reduce took 65000 ns
RunMapReduceFramework finished
RunMapReduceFramework started with 4 threads
Thread ExecMap created [2017.05.25 21:51:22]
Thread Shuffle created [2017.05.25 21:51:22]
Thread ExecMap created [2017.05.25 21:51:22]
Thread ExecMap Terminated [2017.05.25 21:51:22]
Thread ExecMap created [2017.05.25 21:51:22]
Thread ExecMap Terminated [2017.05.25 21:51:22]
Thread ExecMap Terminated [2017.05.25 21:51:22]
Thread ExecMap created [2017.05.25 21:51:22]
Thread ExecMap Terminated [2017.05.25 21:51:22]
Thread Shuffle Terminated [2017.05.25 21:51:22]
Map and Shuffle took 370000 ns
Thread ExecReduce created [2017.05.25 21:51:22]
Thread ExecReduce Terminated [2017.05.25 21:51:22]
Thread ExecReduce created [2017.05.25 21:51:22]
Thread ExecReduce Terminated [2017.05.25 21:51:22]
Thread ExecReduce created [2017.05.25 21:51:22]
Thread ExecReduce Terminated [2017.05.25 21:51:22]
Thread ExecReduce created [2017.05.25 21:51:22]
Thread ExecReduce Terminated [2017.05.25 21:51:22]
Reduce took 84000 ns
RunMapReduceFramework finished
RunMapReduceFramework started with 4 threads
Thread ExecMap created [2017.05.25 21:51:45]
Thread ExecMap created [2017.05.25 21:51:45]
Thread ExecMap created [2017.05.25 21:51:45]
Thread ExecMap Terminated [2017.05.25 21:51:45]
Thread ExecMap created [2017.05.25 21:51:45]
Thread ExecMap Terminated [2017.05.25 21:51:45]
Thread ExecMap Terminated [2017.05.25 21:51:45]
Thread ExecMap Terminated [2017.05.25 21:51:45]
Thread Shuffle created [2017.05.25 21:51:45]
Thread Shuffle Terminated [2017.05.25 21:51:45]
Map and Shuffle took 272000 ns
Thread ExecReduce created [2017.05.25 21:51:45]
Thread ExecReduce Terminated [2017.05.25 21:51:45]
Thread ExecReduce created [2017.05.25 21:51:45]
Thread ExecReduce Terminated [2017.05.25 21:51:45]
Thread ExecReduce created [2017.05.25 21:51:45]
Thread ExecReduce Terminated [2017.05.25 21:51:45]
Thread ExecReduce created [2017.05.25 21:51:45]
Thread ExecReduce Terminated [2017.05.25 21:51:45]
Reduce took 83000 ns
RunMapReduceFramework finished
RunMapReduceFramework started with 4 threads
Thread ExecMap created [2017.05.25 21:52:43]
Thread Shuffle created [2017.05.25 21:52:43]
Thread ExecMap created [2017.05.25 21:52:43]
Thread ExecMap created [2017.05.25 21:52:43]
Thread ExecMap Terminated [2017.05.25 21:52:43]
Thread ExecMap created [2017.05.25 21:52:43]
Thread ExecMap Terminated [2017.05.25 21:52:43]
Thread ExecMap Terminated [2017.05.25 21:52:43]
Thread ExecMap Terminated [2017.05.25 21:52:43]
Thread Shuffle Terminated [2017.05.25 21:52:43]
Map and Shuffle took 355000 ns
Thread ExecReduce created [2017.05.25 21:52:43]
Thread ExecReduce Terminated [2017.05.25 21:52:43]
Thread ExecReduce created [2017.05.25 21:52:43]
Thread ExecReduce Terminated [2017.05.25 21:52:43]
Thread ExecReduce created [2017.05.25 21:52:43]
Thread ExecReduce Terminated [2017.05.25 21:52:43]
Thread ExecReduce created [2017.05.25 21:52:43]
Thread ExecReduce Terminated [2017.05.25 21:52:43]
Reduce took 83000 ns
RunMapReduceFramework finished
RunMapReduceFramework started with 4 threads
Thread ExecMap created [2017.05.25 21:53:17]
Thread ExecMap Terminated [2017.05.25 21:53:17]
Thread ExecMap created [2017.05.25 21:53:17]
Thread ExecMap Terminated [2017.05.25 21:53:17]
Thread ExecMap created [2017.05.25 21:53:17]
Thread ExecMap Terminated [2017.05.25 21:53:17]
Thread ExecMap created [2017.05.25 21:53:17]
Thread ExecMap Terminated [2017.05.25 21:53:17]
Thread Shuffle created [2017.05.25 21:53:17]
Thread Shuffle Terminated [2017.05.25 21:53:17]
Map and Shuffle took 824000 ns
Thread ExecReduce created [2017.05.25 21:53:17]
Thread ExecReduce Terminated [2017.05.25 21:53:17]
Thread ExecReduce created [2017.05.25 21:53:17]
Thread ExecReduce Terminated [2017.05.25 21:53:17]
Thread ExecReduce created [2017.05.25 21:53:17]
Thread ExecReduce Terminated [2017.05.25 21:53:17]
Thread ExecReduce created [2017.05.25 21:53:17]
Thread ExecReduce Terminated [2017.05.25 21:53:17]
Reduce took 324000 ns
RunMapReduceFramework finished
RunMapReduceFramework started with 4 threads
Thread Shuffle created [2017.05.25 21:56:48]
Thread ExecMap created [2017.05.25 21:56:48]
Thread ExecMap Terminated [2017.05.25 21:56:48]
Thread ExecMap created [2017.05.25 21:56:48]
Thread ExecMap Terminated [2017.05.25 21:56:48]
Thread ExecMap created [2017.05.25 21:56:48]
Thread ExecMap Terminated [2017.05.25 21:56:48]
Thread ExecMap created [2017.05.25 21:56:48]
Thread ExecMap Terminated [2017.05.25 21:56:48]
Thread Shuffle Terminated [2017.05.25 21:56:48]
Map and Shuffle took 419000 ns
Thread ExecReduce created [2017.05.25 21:56:48]
Thread ExecReduce Terminated [2017.05.25 21:56:48]
Thread ExecReduce created [2017.05.25 21:56:48]
Thread ExecReduce Terminated [2017.05.25 21:56:48]
Thread ExecReduce created [2017.05.25 21:56:48]
Thread ExecReduce Terminated [2017.05.25 21:56:48]
Thread ExecReduce created [2017.05.25 21:56:48]
Thread ExecReduce Terminated [2017.05.25 21:56:48]
Reduce took 86000 ns
RunMapReduceFramework finished
RunMapReduceFramework started with 4 threads
Thread ExecMap created [2017.05.25 21:56:55]
Thread Shuffle created [2017.05.25 21:56:55]
Thread ExecMap created [2017.05.25 21:56:55]
Thread ExecMap Terminated [2017.05.25 21:56:55]
Thread ExecMap created [2017.05.25 21:56:55]
Thread ExecMap Terminated [2017.05.25 21:56:55]
Thread ExecMap created [2017.05.25 21:56:55]
Thread ExecMap Terminated [2017.05.25 21:56:55]
Thread ExecMap Terminated [2017.05.25 21:56:55]
Thread Shuffle Terminated [2017.05.25 21:56:55]
Map and Shuffle took 846000 ns
Thread ExecReduce created [2017.05.25 21:56:55]
Thread ExecReduce Terminated [2017.05.25 21:56:55]
Thread ExecReduce created [2017.05.25 21:56:55]
Thread ExecReduce Terminated [2017.05.25 21:56:55]
Thread ExecReduce created [2017.05.25 21:56:55]
Thread ExecReduce Terminated [2017.05.25 21:56:55]
Thread ExecReduce created [2017.05.25 21:56:55]
Thread ExecReduce Terminated [2017.05.25 21:56:55]
Reduce took 204000 ns
RunMapReduceFramework finished
RunMapReduceFramework started with 4 threads
Thread Shuffle created [2017.05.25 21:58:08]
Thread ExecMap created [2017.05.25 21:58:08]
Thread ExecMap Terminated [2017.05.25 21:58:08]
Thread ExecMap created [2017.05.25 21:58:08]
Thread ExecMap Terminated [2017.05.25 21:58:08]
Thread ExecMap created [2017.05.25 21:58:08]
Thread ExecMap Terminated [2017.05.25 21:58:08]
Thread ExecMap created [2017.05.25 21:58:08]
Thread ExecMap Terminated [2017.05.25 21:58:08]
Thread Shuffle Terminated [2017.05.25 21:58:08]
Map and Shuffle took 293000 ns
Thread ExecReduce created [2017.05.25 21:58:08]
Thread ExecReduce Terminated [2017.05.25 21:58:08]
Thread ExecReduce created [2017.05.25 21:58:08]
Thread ExecReduce Terminated [2017.05.25 21:58:08]
Thread ExecReduce created [2017.05.25 21:58:08]
Thread ExecReduce Terminated [2017.05.25 21:58:08]
Thread ExecReduce created [2017.05.25 21:58:08]
Thread ExecReduce Terminated [2017.05.25 21:58:08]
Reduce took 83000 ns
RunMapReduceFramework finished
RunMapReduceFramework started with 4 threads
Thread ExecMap created [2017.05.25 21:59:02]
Thread ExecMap Terminated [2017.05.25 21:59:02]
Thread ExecMap created [2017.05.25 21:59:02]
Thread ExecMap created [2017.05.25 21:59:02]
Thread ExecMap Terminated [2017.05.25 21:59:02]
Thread ExecMap Terminated [2017.05.25 21:59:02]
Thread ExecMap created [2017.05.25 21:59:02]
Thread ExecMap Terminated [2017.05.25 21:59:02]
Thread Shuffle created [2017.05.25 21:59:02]
Thread Shuffle Terminated [2017.05.25 21:59:02]
Map and Shuffle took 537000 ns
Thread ExecReduce created [2017.05.25 21:59:02]
Thread ExecReduce Terminated [2017.05.25 21:59:02]
Thread ExecReduce created [2017.05.25 21:59:02]
Thread ExecReduce Terminated [2017.05.25 21:59:02]
Thread ExecReduce created [2017.05.25 21:59:02]
Thread ExecReduce Terminated [2017.05.25 21:59:02]
Thread ExecReduce created [2017.05.25 21:59:02]
Thread ExecReduce Terminated [2017.05.25 21:59:02]
Reduce took 144000 ns
RunMapReduceFramework finished
